Build started 2015-07-16 4:27:49 AM.
     1>Project "C:\Users\Dan\Desktop\Courses\ELEC 466\Project\Visual Studio\Elec466.vcxproj" on node 2 (Build target(s)).
     1>ClCompile:
         C:\Program Files (x86)\Microsoft Visual Studio 11.0\VC\bin\CL.exe /c /Ic:\SystemC\src /Zi /nologo /W3 /WX- /Od /Oy- /D WIN32 /D _DEBUG /D _CONSOLE /Gm /EHsc /RTC1 /MTd /GS /fp:precise /Zc:wchar_t /Zc:forScope /Fo"Debug\\" /Fd"Debug\vc110.pdb" /Gd /TP /analyze- /errorReport:prompt /vmg "..\project workspace\dh_hw_mult_ctrl.cpp" "..\project workspace\dh_sw.cpp" "..\project workspace\hdemo.cpp"
         dh_hw_mult_ctrl.cpp
     1>c:\systemc\src\sysc/datatypes/int/sc_nbutils.h(85): warning C4996: 'sprintf': This function or variable may be unsafe. Consider using sprintf_s instead. To disable deprecation, use _CRT_SECURE_NO_WARNINGS. See online help for details.
                 C:\Program Files (x86)\Microsoft Visual Studio 11.0\VC\include\stdio.h(357) : see declaration of 'sprintf'
         Generating Code...
         Compiling...
         hdemo.cpp
     1>c:\systemc\src\sysc/datatypes/int/sc_nbutils.h(85): warning C4996: 'sprintf': This function or variable may be unsafe. Consider using sprintf_s instead. To disable deprecation, use _CRT_SECURE_NO_WARNINGS. See online help for details.
                 C:\Program Files (x86)\Microsoft Visual Studio 11.0\VC\include\stdio.h(357) : see declaration of 'sprintf'
         dh_sw.cpp
     1>c:\systemc\src\sysc/datatypes/int/sc_nbutils.h(85): warning C4996: 'sprintf': This function or variable may be unsafe. Consider using sprintf_s instead. To disable deprecation, use _CRT_SECURE_NO_WARNINGS. See online help for details.
                 C:\Program Files (x86)\Microsoft Visual Studio 11.0\VC\include\stdio.h(357) : see declaration of 'sprintf'
     1>..\project workspace\dh_sw.cpp(1684): warning C4996: 'strncpy': This function or variable may be unsafe. Consider using strncpy_s instead. To disable deprecation, use _CRT_SECURE_NO_WARNINGS. See online help for details.
                 C:\Program Files (x86)\Microsoft Visual Studio 11.0\VC\include\string.h(191) : see declaration of 'strncpy'
         Generating Code...
       Link:
         C:\Program Files (x86)\Microsoft Visual Studio 11.0\VC\bin\link.exe /ERRORREPORT:PROMPT /OUT:"C:\Users\Dan\Desktop\Courses\ELEC 466\Project\Visual Studio\Debug\Elec466.exe" /INCREMENTAL /NOLOGO /LIBPATH:c:\SystemC\msvc71\SystemC\Debug systemc.lib kernel32.lib user32.lib gdi32.lib winspool.lib comdlg32.lib advapi32.lib shell32.lib ole32.lib oleaut32.lib uuid.lib odbc32.lib odbccp32.lib /MANIFEST /MANIFESTUAC:"level='asInvoker' uiAccess='false'" /manifest:embed /DEBUG /PDB:"C:\Users\Dan\Desktop\Courses\ELEC 466\Project\Visual Studio\Debug\Elec466.pdb" /SUBSYSTEM:CONSOLE /TLBID:1 /DYNAMICBASE /NXCOMPAT /IMPLIB:"C:\Users\Dan\Desktop\Courses\ELEC 466\Project\Visual Studio\Debug\Elec466.lib" /MACHINE:X86 Debug\dh_hw_mult_ctrl.obj
         Debug\dh_sw.obj
         Debug\hdemo.obj
         Elec466.vcxproj -> C:\Users\Dan\Desktop\Courses\ELEC 466\Project\Visual Studio\Debug\Elec466.exe
     1>Done Building Project "C:\Users\Dan\Desktop\Courses\ELEC 466\Project\Visual Studio\Elec466.vcxproj" (Build target(s)).

Build succeeded.

Time Elapsed 00:00:14.25
