C:\USERS\DAN\DESKTOP\COURSES\ELEC 466\PROJECT\VISUAL STUDIO\DEBUG\DH_HW_MULT.OBJ
C:\USERS\DAN\DESKTOP\COURSES\ELEC 466\PROJECT\VISUAL STUDIO\DEBUG\DH_SW.OBJ
C:\USERS\DAN\DESKTOP\COURSES\ELEC 466\PROJECT\VISUAL STUDIO\DEBUG\HDEMO.OBJ
C:\USERS\DAN\DESKTOP\COURSES\ELEC 466\PROJECT\VISUAL STUDIO\DEBUG\VC110.PDB
C:\USERS\DAN\DESKTOP\COURSES\ELEC 466\PROJECT\VISUAL STUDIO\DEBUG\STRUCTURAL_COMPONENTS.OBJ
C:\USERS\DAN\DESKTOP\COURSES\ELEC 466\PROJECT\VISUAL STUDIO\DEBUG\DH_HW_MULT_CTRL.OBJ
C:\USERS\DAN\DESKTOP\COURSES\ELEC 466\PROJECT\VISUAL STUDIO\DEBUG\ADDER.OBJ
C:\USERS\DAN\DESKTOP\COURSES\ELEC 466\PROJECT\VISUAL STUDIO\DEBUG\COMPARATOR.OBJ
C:\USERS\DAN\DESKTOP\COURSES\ELEC 466\PROJECT\VISUAL STUDIO\DEBUG\MULTIPLIER.OBJ
C:\USERS\DAN\DESKTOP\COURSES\ELEC 466\PROJECT\VISUAL STUDIO\DEBUG\MUX2.OBJ
C:\USERS\DAN\DESKTOP\COURSES\ELEC 466\PROJECT\VISUAL STUDIO\DEBUG\REGISTER.OBJ
C:\USERS\DAN\DESKTOP\COURSES\ELEC 466\PROJECT\VISUAL STUDIO\DEBUG\SPLITTER32.OBJ
C:\USERS\DAN\DESKTOP\COURSES\ELEC 466\PROJECT\VISUAL STUDIO\DEBUG\SHIFTER16.OBJ
C:\USERS\DAN\DESKTOP\COURSES\ELEC 466\PROJECT\VISUAL STUDIO\DEBUG\RSHIFTER16.OBJ
C:\USERS\DAN\DESKTOP\COURSES\ELEC 466\PROJECT\VISUAL STUDIO\DEBUG\LSHIFTER16.OBJ
C:\USERS\DAN\DESKTOP\COURSES\ELEC 466\PROJECT\VISUAL STUDIO\DEBUG\ELEC466.ILK
C:\USERS\DAN\DESKTOP\COURSES\ELEC 466\PROJECT\VISUAL STUDIO\DEBUG\ELEC466.EXE
C:\USERS\DAN\DESKTOP\COURSES\ELEC 466\PROJECT\VISUAL STUDIO\DEBUG\ELEC466.PDB
C:\Users\Dan\Desktop\Courses\ELEC 466\Project\Visual Studio\Debug\adder.obj
C:\Users\Dan\Desktop\Courses\ELEC 466\Project\Visual Studio\Debug\comparator.obj
C:\Users\Dan\Desktop\Courses\ELEC 466\Project\Visual Studio\Debug\dh_hw_mult.obj
C:\Users\Dan\Desktop\Courses\ELEC 466\Project\Visual Studio\Debug\dh_hw_mult_ctrl.obj
C:\Users\Dan\Desktop\Courses\ELEC 466\Project\Visual Studio\Debug\dh_sw.obj
C:\Users\Dan\Desktop\Courses\ELEC 466\Project\Visual Studio\Debug\lshifter16.obj
C:\Users\Dan\Desktop\Courses\ELEC 466\Project\Visual Studio\Debug\multiplier.obj
C:\Users\Dan\Desktop\Courses\ELEC 466\Project\Visual Studio\Debug\mux2.obj
C:\Users\Dan\Desktop\Courses\ELEC 466\Project\Visual Studio\Debug\register.obj
C:\Users\Dan\Desktop\Courses\ELEC 466\Project\Visual Studio\Debug\rshifter16.obj
C:\Users\Dan\Desktop\Courses\ELEC 466\Project\Visual Studio\Debug\shifter16.obj
C:\Users\Dan\Desktop\Courses\ELEC 466\Project\Visual Studio\Debug\splitter32.obj
C:\Users\Dan\Desktop\Courses\ELEC 466\Project\Visual Studio\Debug\structural_components.obj
C:\Users\Dan\Desktop\Courses\ELEC 466\Project\Visual Studio\Debug\cl.command.1.tlog
C:\Users\Dan\Desktop\Courses\ELEC 466\Project\Visual Studio\Debug\CL.read.1.tlog
C:\Users\Dan\Desktop\Courses\ELEC 466\Project\Visual Studio\Debug\CL.write.1.tlog
C:\Users\Dan\Desktop\Courses\ELEC 466\Project\Visual Studio\Debug\link-cvtres.read.1.tlog
C:\Users\Dan\Desktop\Courses\ELEC 466\Project\Visual Studio\Debug\link-cvtres.write.1.tlog
C:\Users\Dan\Desktop\Courses\ELEC 466\Project\Visual Studio\Debug\link-rc.read.1.tlog
C:\Users\Dan\Desktop\Courses\ELEC 466\Project\Visual Studio\Debug\link-rc.write.1.tlog
C:\Users\Dan\Desktop\Courses\ELEC 466\Project\Visual Studio\Debug\link.156040-cvtres.read.1.tlog
C:\Users\Dan\Desktop\Courses\ELEC 466\Project\Visual Studio\Debug\link.156040-cvtres.write.1.tlog
C:\Users\Dan\Desktop\Courses\ELEC 466\Project\Visual Studio\Debug\link.156040-rc.read.1.tlog
C:\Users\Dan\Desktop\Courses\ELEC 466\Project\Visual Studio\Debug\link.156040-rc.write.1.tlog
C:\Users\Dan\Desktop\Courses\ELEC 466\Project\Visual Studio\Debug\link.156040.read.1.tlog
C:\Users\Dan\Desktop\Courses\ELEC 466\Project\Visual Studio\Debug\link.156040.write.1.tlog
C:\Users\Dan\Desktop\Courses\ELEC 466\Project\Visual Studio\Debug\link.159152-cvtres.read.1.tlog
C:\Users\Dan\Desktop\Courses\ELEC 466\Project\Visual Studio\Debug\link.159152-cvtres.write.1.tlog
C:\Users\Dan\Desktop\Courses\ELEC 466\Project\Visual Studio\Debug\link.159152-rc.read.1.tlog
C:\Users\Dan\Desktop\Courses\ELEC 466\Project\Visual Studio\Debug\link.159152-rc.write.1.tlog
C:\Users\Dan\Desktop\Courses\ELEC 466\Project\Visual Studio\Debug\link.159152.read.1.tlog
C:\Users\Dan\Desktop\Courses\ELEC 466\Project\Visual Studio\Debug\link.159152.write.1.tlog
C:\Users\Dan\Desktop\Courses\ELEC 466\Project\Visual Studio\Debug\link.162076-cvtres.read.1.tlog
C:\Users\Dan\Desktop\Courses\ELEC 466\Project\Visual Studio\Debug\link.162076-cvtres.write.1.tlog
C:\Users\Dan\Desktop\Courses\ELEC 466\Project\Visual Studio\Debug\link.162076-rc.read.1.tlog
C:\Users\Dan\Desktop\Courses\ELEC 466\Project\Visual Studio\Debug\link.162076-rc.write.1.tlog
C:\Users\Dan\Desktop\Courses\ELEC 466\Project\Visual Studio\Debug\link.162076.read.1.tlog
C:\Users\Dan\Desktop\Courses\ELEC 466\Project\Visual Studio\Debug\link.162076.write.1.tlog
C:\Users\Dan\Desktop\Courses\ELEC 466\Project\Visual Studio\Debug\link.170304-cvtres.read.1.tlog
C:\Users\Dan\Desktop\Courses\ELEC 466\Project\Visual Studio\Debug\link.170304-cvtres.write.1.tlog
C:\Users\Dan\Desktop\Courses\ELEC 466\Project\Visual Studio\Debug\link.170304-rc.read.1.tlog
C:\Users\Dan\Desktop\Courses\ELEC 466\Project\Visual Studio\Debug\link.170304-rc.write.1.tlog
C:\Users\Dan\Desktop\Courses\ELEC 466\Project\Visual Studio\Debug\link.170304.read.1.tlog
C:\Users\Dan\Desktop\Courses\ELEC 466\Project\Visual Studio\Debug\link.170304.write.1.tlog
C:\Users\Dan\Desktop\Courses\ELEC 466\Project\Visual Studio\Debug\link.command.1.tlog
C:\Users\Dan\Desktop\Courses\ELEC 466\Project\Visual Studio\Debug\link.read.1.tlog
C:\Users\Dan\Desktop\Courses\ELEC 466\Project\Visual Studio\Debug\link.write.1.tlog
C:\Users\Dan\Desktop\Courses\ELEC 466\Project\Visual Studio\Debug\vc110.idb
C:\Users\Dan\Desktop\Courses\ELEC 466\Project\Visual Studio\Debug\Elec466.pdb
C:\Users\Dan\Desktop\Courses\ELEC 466\Project\Visual Studio\Debug\vc110.pdb
